2018-01-29 22:00:52.025 [main] INFO  o.s.b.t.c.SpringBootTestContextBootstrapper -
				Neither @ContextConfiguration nor @ContextHierarchy found for test class [com.simpleway.frst.test.AreaTest], using SpringBootContextLoader
2018-01-29 22:00:52.060 [main] INFO  o.s.t.c.s.AbstractContextLoader -
				Could not detect default resource locations for test class [com.simpleway.frst.test.AreaTest]: no resource found for suffixes {-context.xml, Context.groovy}.
2018-01-29 22:00:52.134 [main] INFO  o.s.b.t.c.SpringBootTestContextBootstrapper -
				Loaded default TestExecutionListener class names from location [META-INF/spring.factories]: [org.springframework.boot.test.mock.mockito.MockitoTestExecutionListener, org.springframework.boot.test.mock.mockito.ResetMocksTestExecutionListener, org.springframework.boot.test.autoconfigure.restdocs.RestDocsTestExecutionListener, org.springframework.boot.test.autoconfigure.web.client.MockRestServiceServerResetTestExecutionListener, org.springframework.boot.test.autoconfigure.web.servlet.MockMvcPrintOnlyOnFailureTestExecutionListener, org.springframework.boot.test.autoconfigure.web.servlet.WebDriverTestExecutionListener, org.springframework.test.context.web.ServletTestExecutionListener, org.springframework.test.context.support.DirtiesContextBeforeModesTestExecutionListener, org.springframework.test.context.support.DependencyInjectionTestExecutionListener, org.springframework.test.context.support.DirtiesContextTestExecutionListener, org.springframework.test.context.transaction.TransactionalTestExecutionListener, org.springframework.test.context.jdbc.SqlScriptsTestExecutionListener]
2018-01-29 22:00:52.157 [main] INFO  o.s.b.t.c.SpringBootTestContextBootstrapper -
				Using TestExecutionListeners: [org.springframework.test.context.web.ServletTestExecutionListener@86b9e3, org.springframework.test.context.support.DirtiesContextBeforeModesTestExecutionListener@aa41f2, org.springframework.boot.test.autoconfigure.SpringBootDependencyInjectionTestExecutionListener@f9c5b7, org.springframework.test.context.support.DirtiesContextTestExecutionListener@1271612, org.springframework.test.context.transaction.TransactionalTestExecutionListener@d7f8b4, org.springframework.test.context.jdbc.SqlScriptsTestExecutionListener@309d4d, org.springframework.boot.test.autoconfigure.web.servlet.MockMvcPrintOnlyOnFailureTestExecutionListener@102d01, org.springframework.boot.test.autoconfigure.web.client.MockRestServiceServerResetTestExecutionListener@1883b97, org.springframework.boot.test.mock.mockito.MockitoTestExecutionListener@ab778a, org.springframework.boot.test.mock.mockito.ResetMocksTestExecutionListener@3958e7, org.springframework.boot.test.autoconfigure.web.servlet.WebDriverTestExecutionListener@1f80c04, org.springframework.boot.test.autoconfigure.restdocs.RestDocsTestExecutionListener@1dac5ef]
2018-01-29 22:00:52.568 [main] INFO  com.simpleway.frst.test.AreaTest -
				Starting AreaTest on LAPTOP-CV4LG1FC with PID 15924 (started by admin in D:\idea_workspace\temp\frst)
2018-01-29 22:00:52.569 [main] INFO  com.simpleway.frst.test.AreaTest -
				The following profiles are active: dev
2018-01-29 22:00:52.613 [main] INFO  o.s.w.c.s.GenericWebApplicationContext -
				Refreshing org.springframework.web.context.support.GenericWebApplicationContext@656be4: startup date [Mon Jan 29 22:00:52 CST 2018]; root of context hierarchy
2018-01-29 22:00:53.006 [background-preinit] INFO  o.h.validator.internal.util.Version -
				HV000001: Hibernate Validator 5.3.5.Final
2018-01-29 22:00:54.400 [main] INFO  o.s.c.s.PostProcessorRegistrationDelegate$BeanPostProcessorChecker -
				Bean 'shiroConfig' of type [com.simpleway.frst.config.ShiroConfig$$EnhancerBySpringCGLIB$$e9b03603] is not eligible for getting processed by all BeanPostProcessors (for example: not eligible for auto-proxying)
2018-01-29 22:00:54.411 [main] INFO  o.s.c.s.PostProcessorRegistrationDelegate$BeanPostProcessorChecker -
				Bean 'org.springframework.transaction.annotation.ProxyTransactionManagementConfiguration' of type [org.springframework.transaction.annotation.ProxyTransactionManagementConfiguration$$EnhancerBySpringCGLIB$$a8848454] is not eligible for getting processed by all BeanPostProcessors (for example: not eligible for auto-proxying)
2018-01-29 22:00:54.475 [main] INFO  o.s.c.s.PostProcessorRegistrationDelegate$BeanPostProcessorChecker -
				Bean 'ehCache' of type [org.apache.shiro.cache.ehcache.EhCacheManager] is not eligible for getting processed by all BeanPostProcessors (for example: not eligible for auto-proxying)
2018-01-29 22:00:54.817 [main] INFO  o.a.s.cache.ehcache.EhCacheManager -
				Using existing EHCache named [passwordRetryCache]
2018-01-29 22:00:54.847 [main] INFO  o.s.c.s.PostProcessorRegistrationDelegate$BeanPostProcessorChecker -
				Bean 'dataSourceConfig' of type [com.simpleway.frst.config.DataSourceConfig] is not eligible for getting processed by all BeanPostProcessors (for example: not eligible for auto-proxying)
2018-01-29 22:00:54.849 [main] INFO  o.s.c.s.PostProcessorRegistrationDelegate$BeanPostProcessorChecker -
				Bean 'mybatisConfig' of type [com.simpleway.frst.config.MybatisConfig$$EnhancerBySpringCGLIB$$a4ca44e5] is not eligible for getting processed by all BeanPostProcessors (for example: not eligible for auto-proxying)
2018-01-29 22:00:54.935 [main] INFO  o.s.c.s.PostProcessorRegistrationDelegate$BeanPostProcessorChecker -
				Bean 'dataSource' of type [com.alibaba.druid.pool.DruidDataSource] is not eligible for getting processed by all BeanPostProcessors (for example: not eligible for auto-proxying)
2018-01-29 22:00:54.942 [main] INFO  o.s.c.s.PostProcessorRegistrationDelegate$BeanPostProcessorChecker -
				Bean 'org.springframework.boot.autoconfigure.jdbc.DataSourceAutoConfiguration' of type [org.springframework.boot.autoconfigure.jdbc.DataSourceAutoConfiguration$$EnhancerBySpringCGLIB$$8a7827b4] is not eligible for getting processed by all BeanPostProcessors (for example: not eligible for auto-proxying)
2018-01-29 22:00:54.976 [main] INFO  o.s.c.s.PostProcessorRegistrationDelegate$BeanPostProcessorChecker -
				Bean 'spring.datasource-org.springframework.boot.autoconfigure.jdbc.DataSourceProperties' of type [org.springframework.boot.autoconfigure.jdbc.DataSourceProperties] is not eligible for getting processed by all BeanPostProcessors (for example: not eligible for auto-proxying)
2018-01-29 22:00:54.997 [main] INFO  o.s.c.s.PostProcessorRegistrationDelegate$BeanPostProcessorChecker -
				Bean 'dataSourceInitializer' of type [org.springframework.boot.autoconfigure.jdbc.DataSourceInitializer] is not eligible for getting processed by all BeanPostProcessors (for example: not eligible for auto-proxying)
2018-01-29 22:00:55.581 [main] INFO  o.s.c.s.PostProcessorRegistrationDelegate$BeanPostProcessorChecker -
				Bean 'sqlSessionFactoryBean' of type [org.mybatis.spring.SqlSessionFactoryBean] is not eligible for getting processed by all BeanPostProcessors (for example: not eligible for auto-proxying)
2018-01-29 22:00:55.582 [main] INFO  o.s.c.s.PostProcessorRegistrationDelegate$BeanPostProcessorChecker -
				Bean 'sqlSessionFactoryBean' of type [org.apache.ibatis.session.defaults.DefaultSqlSessionFactory] is not eligible for getting processed by all BeanPostProcessors (for example: not eligible for auto-proxying)
2018-01-29 22:00:55.588 [main] INFO  o.s.c.s.PostProcessorRegistrationDelegate$BeanPostProcessorChecker -
				Bean 'userLoginMapper' of type [tk.mybatis.spring.mapper.MapperFactoryBean] is not eligible for getting processed by all BeanPostProcessors (for example: not eligible for auto-proxying)
2018-01-29 22:00:55.591 [main] INFO  o.s.c.s.PostProcessorRegistrationDelegate$BeanPostProcessorChecker -
				Bean 'userLoginMapper' of type [com.sun.proxy.$Proxy78] is not eligible for getting processed by all BeanPostProcessors (for example: not eligible for auto-proxying)
2018-01-29 22:00:55.601 [main] INFO  o.s.c.s.PostProcessorRegistrationDelegate$BeanPostProcessorChecker -
				Bean 'smUserRoleMapper' of type [tk.mybatis.spring.mapper.MapperFactoryBean] is not eligible for getting processed by all BeanPostProcessors (for example: not eligible for auto-proxying)
2018-01-29 22:00:55.602 [main] INFO  o.s.c.s.PostProcessorRegistrationDelegate$BeanPostProcessorChecker -
				Bean 'smUserRoleMapper' of type [com.sun.proxy.$Proxy80] is not eligible for getting processed by all BeanPostProcessors (for example: not eligible for auto-proxying)
2018-01-29 22:00:55.603 [main] INFO  o.s.c.s.PostProcessorRegistrationDelegate$BeanPostProcessorChecker -
				Bean 'smUserRoleService' of type [com.simpleway.frst.service.SmUserRoleService] is not eligible for getting processed by all BeanPostProcessors (for example: not eligible for auto-proxying)
2018-01-29 22:00:55.632 [main] INFO  o.s.c.s.PostProcessorRegistrationDelegate$BeanPostProcessorChecker -
				Bean 'smRoleMapper' of type [tk.mybatis.spring.mapper.MapperFactoryBean] is not eligible for getting processed by all BeanPostProcessors (for example: not eligible for auto-proxying)
2018-01-29 22:00:55.633 [main] INFO  o.s.c.s.PostProcessorRegistrationDelegate$BeanPostProcessorChecker -
				Bean 'smRoleMapper' of type [com.sun.proxy.$Proxy81] is not eligible for getting processed by all BeanPostProcessors (for example: not eligible for auto-proxying)
2018-01-29 22:00:55.638 [main] INFO  o.s.c.s.PostProcessorRegistrationDelegate$BeanPostProcessorChecker -
				Bean 'smRoleAuthMapper' of type [tk.mybatis.spring.mapper.MapperFactoryBean] is not eligible for getting processed by all BeanPostProcessors (for example: not eligible for auto-proxying)
2018-01-29 22:00:55.639 [main] INFO  o.s.c.s.PostProcessorRegistrationDelegate$BeanPostProcessorChecker -
				Bean 'smRoleAuthMapper' of type [com.sun.proxy.$Proxy82] is not eligible for getting processed by all BeanPostProcessors (for example: not eligible for auto-proxying)
2018-01-29 22:00:55.648 [main] INFO  o.s.c.s.PostProcessorRegistrationDelegate$BeanPostProcessorChecker -
				Bean 'smAuthMapper' of type [tk.mybatis.spring.mapper.MapperFactoryBean] is not eligible for getting processed by all BeanPostProcessors (for example: not eligible for auto-proxying)
2018-01-29 22:00:55.649 [main] INFO  o.s.c.s.PostProcessorRegistrationDelegate$BeanPostProcessorChecker -
				Bean 'smAuthMapper' of type [com.sun.proxy.$Proxy83] is not eligible for getting processed by all BeanPostProcessors (for example: not eligible for auto-proxying)
2018-01-29 22:00:55.650 [main] INFO  o.s.c.s.PostProcessorRegistrationDelegate$BeanPostProcessorChecker -
				Bean 'smAuthService' of type [com.simpleway.frst.service.SmAuthService] is not eligible for getting processed by all BeanPostProcessors (for example: not eligible for auto-proxying)
2018-01-29 22:00:55.662 [main] INFO  o.s.c.s.PostProcessorRegistrationDelegate$BeanPostProcessorChecker -
				Bean 'smRoleService' of type [com.simpleway.frst.service.SmRoleService] is not eligible for getting processed by all BeanPostProcessors (for example: not eligible for auto-proxying)
2018-01-29 22:00:55.671 [main] INFO  o.s.c.s.PostProcessorRegistrationDelegate$BeanPostProcessorChecker -
				Bean 'userLoginService' of type [com.simpleway.frst.service.UserLoginService] is not eligible for getting processed by all BeanPostProcessors (for example: not eligible for auto-proxying)
2018-01-29 22:00:55.684 [main] INFO  o.s.c.s.PostProcessorRegistrationDelegate$BeanPostProcessorChecker -
				Bean 'credentialsMatcher' of type [com.simpleway.frst.shiro.RetryLimitHashedCredentialsMatcher] is not eligible for getting processed by all BeanPostProcessors (for example: not eligible for auto-proxying)
2018-01-29 22:00:55.703 [main] INFO  o.s.c.s.PostProcessorRegistrationDelegate$BeanPostProcessorChecker -
				Bean 'myShiroRealm' of type [com.simpleway.frst.shiro.MyShiroRealm] is not eligible for getting processed by all BeanPostProcessors (for example: not eligible for auto-proxying)
2018-01-29 22:00:55.771 [main] INFO  o.s.c.s.PostProcessorRegistrationDelegate$BeanPostProcessorChecker -
				Bean 'sessionManager' of type [org.apache.shiro.web.session.mgt.DefaultWebSessionManager] is not eligible for getting processed by all BeanPostProcessors (for example: not eligible for auto-proxying)
2018-01-29 22:00:55.799 [main] INFO  o.s.c.s.PostProcessorRegistrationDelegate$BeanPostProcessorChecker -
				Bean 'securityManager' of type [org.apache.shiro.web.mgt.DefaultWebSecurityManager] is not eligible for getting processed by all BeanPostProcessors (for example: not eligible for auto-proxying)
2018-01-29 22:00:55.822 [main] INFO  o.s.c.s.PostProcessorRegistrationDelegate$BeanPostProcessorChecker -
				Bean 'transactionManager' of type [org.springframework.jdbc.datasource.DataSourceTransactionManager] is not eligible for getting processed by all BeanPostProcessors (for example: not eligible for auto-proxying)
2018-01-29 22:00:56.609 [main] INFO  c.alibaba.druid.pool.DruidDataSource -
				{dataSource-1} inited
2018-01-29 22:00:58.699 [main] INFO  o.s.w.s.m.m.a.RequestMappingHandlerAdapter -
				Looking for @ControllerAdvice: org.springframework.web.context.support.GenericWebApplicationContext@656be4: startup date [Mon Jan 29 22:00:52 CST 2018]; root of context hierarchy
2018-01-29 22:00:58.771 [main] INFO  o.s.w.s.m.m.a.RequestMappingHandlerMapping -
				Mapped "{[/frst/bankFlow/add]}" onto public com.simpleway.frst.response.JsonResult com.simpleway.frst.controller.BankFlowController.add(com.simpleway.frst.request.bank.BankFlowForm) throws java.lang.Exception
2018-01-29 22:00:58.773 [main] INFO  o.s.w.s.m.m.a.RequestMappingHandlerMapping -
				Mapped "{[/frst/bankFlow/page]}" onto public com.simpleway.frst.response.JsonResult com.simpleway.frst.controller.BankFlowController.page(com.simpleway.frst.request.bank.BankFlowQuery) throws java.lang.Exception
2018-01-29 22:00:58.773 [main] INFO  o.s.w.s.m.m.a.RequestMappingHandlerMapping -
				Mapped "{[/frst/const/constType/getById],methods=[POST]}" onto public com.simpleway.frst.response.JsonResult com.simpleway.frst.controller.ConstTypeController.getConstType(java.lang.Long)
2018-01-29 22:00:58.773 [main] INFO  o.s.w.s.m.m.a.RequestMappingHandlerMapping -
				Mapped "{[/frst/const/constType/delete],methods=[POST]}" onto public com.simpleway.frst.response.JsonResult com.simpleway.frst.controller.ConstTypeController.deleteConstType(java.lang.Long)
2018-01-29 22:00:58.774 [main] INFO  o.s.w.s.m.m.a.RequestMappingHandlerMapping -
				Mapped "{[/frst/const/constType/update],methods=[POST]}" onto public com.simpleway.frst.response.JsonResult com.simpleway.frst.controller.ConstTypeController.updateConstType(com.simpleway.frst.domain.dto.SmConstType)
2018-01-29 22:00:58.774 [main] INFO  o.s.w.s.m.m.a.RequestMappingHandlerMapping -
				Mapped "{[/frst/const/constType/view]}" onto public org.springframework.web.servlet.ModelAndView com.simpleway.frst.controller.ConstTypeController.pageRoleList(javax.servlet.http.HttpServletRequest)
2018-01-29 22:00:58.774 [main] INFO  o.s.w.s.m.m.a.RequestMappingHandlerMapping -
				Mapped "{[/frst/const/constType/add],methods=[POST]}" onto public com.simpleway.frst.response.JsonResult com.simpleway.frst.controller.ConstTypeController.addConstType(com.simpleway.frst.domain.dto.SmConstType)
2018-01-29 22:00:58.774 [main] INFO  o.s.w.s.m.m.a.RequestMappingHandlerMapping -
				Mapped "{[/frst/const/constType/list],methods=[POST]}" onto public com.simpleway.frst.response.JsonResult com.simpleway.frst.controller.ConstTypeController.findConstTypeByParam(java.util.Map<java.lang.String, java.lang.String>)
2018-01-29 22:00:58.774 [main] INFO  o.s.w.s.m.m.a.RequestMappingHandlerMapping -
				Mapped "{[/frst/const/constType/getConstValuesByCode]}" onto public com.simpleway.frst.response.JsonResult com.simpleway.frst.controller.ConstTypeController.getConstValuesByCode(java.lang.String)
2018-01-29 22:00:58.776 [main] INFO  o.s.w.s.m.m.a.RequestMappingHandlerMapping -
				Mapped "{[/frst/const/constValue/getById],methods=[POST]}" onto public com.simpleway.frst.response.JsonResult com.simpleway.frst.controller.ConstValueController.getConstValue(java.lang.Long)
2018-01-29 22:00:58.776 [main] INFO  o.s.w.s.m.m.a.RequestMappingHandlerMapping -
				Mapped "{[/frst/const/constValue/add],methods=[POST]}" onto public com.simpleway.frst.response.JsonResult com.simpleway.frst.controller.ConstValueController.addConstValue(com.simpleway.frst.domain.dto.SmConstValue)
2018-01-29 22:00:58.776 [main] INFO  o.s.w.s.m.m.a.RequestMappingHandlerMapping -
				Mapped "{[/frst/const/constValue/update],methods=[POST]}" onto public com.simpleway.frst.response.JsonResult com.simpleway.frst.controller.ConstValueController.updateConstValue(com.simpleway.frst.domain.dto.SmConstValue)
2018-01-29 22:00:58.776 [main] INFO  o.s.w.s.m.m.a.RequestMappingHandlerMapping -
				Mapped "{[/frst/const/constValue/delete],methods=[POST]}" onto public com.simpleway.frst.response.JsonResult com.simpleway.frst.controller.ConstValueController.deleteConstValue(java.lang.Long)
2018-01-29 22:00:58.776 [main] INFO  o.s.w.s.m.m.a.RequestMappingHandlerMapping -
				Mapped "{[/frst/const/constValue/list],methods=[POST]}" onto public com.simpleway.frst.response.JsonResult com.simpleway.frst.controller.ConstValueController.findConstValueByParam(java.util.Map<java.lang.String, java.lang.String>)
2018-01-29 22:00:58.782 [main] INFO  o.s.w.s.m.m.a.RequestMappingHandlerMapping -
				Mapped "{[/frst/finance/add]}" onto public com.simpleway.frst.response.JsonResult com.simpleway.frst.controller.FinanceController.add(com.simpleway.frst.request.finance.FinanceForm) throws java.lang.Exception
2018-01-29 22:00:58.782 [main] INFO  o.s.w.s.m.m.a.RequestMappingHandlerMapping -
				Mapped "{[/frst/finance/detail]}" onto public com.simpleway.frst.response.JsonResult com.simpleway.frst.controller.FinanceController.detail(java.lang.Long) throws java.lang.Exception
2018-01-29 22:00:58.782 [main] INFO  o.s.w.s.m.m.a.RequestMappingHandlerMapping -
				Mapped "{[/frst/finance/listByType]}" onto public com.simpleway.frst.response.JsonResult com.simpleway.frst.controller.FinanceController.listByType(java.lang.Integer)
2018-01-29 22:00:58.782 [main] INFO  o.s.w.s.m.m.a.RequestMappingHandlerMapping -
				Mapped "{[/frst/finance/del]}" onto public com.simpleway.frst.response.JsonResult com.simpleway.frst.controller.FinanceController.del(java.lang.Long) throws java.lang.Exception
2018-01-29 22:00:58.782 [main] INFO  o.s.w.s.m.m.a.RequestMappingHandlerMapping -
				Mapped "{[/frst/finance/page]}" onto public com.simpleway.frst.response.JsonResult com.simpleway.frst.controller.FinanceController.page(com.simpleway.frst.request.finance.FinanceQuery) throws java.lang.Exception
2018-01-29 22:00:58.782 [main] INFO  o.s.w.s.m.m.a.RequestMappingHandlerMapping -
				Mapped "{[/frst/finance/upd]}" onto public com.simpleway.frst.response.JsonResult com.simpleway.frst.controller.FinanceController.upd(com.simpleway.frst.request.finance.FinanceForm) throws java.lang.Exception
2018-01-29 22:00:58.783 [main] INFO  o.s.w.s.m.m.a.RequestMappingHandlerMapping -
				Mapped "{[/frst/financeSupervisor/add]}" onto public com.simpleway.frst.response.JsonResult com.simpleway.frst.controller.FinanceSupervisorController.add(com.simpleway.frst.request.finance.FinanceSupervisorForm) throws java.lang.Exception
2018-01-29 22:00:58.783 [main] INFO  o.s.w.s.m.m.a.RequestMappingHandlerMapping -
				Mapped "{[/frst/financeSupervisor/detail]}" onto public com.simpleway.frst.response.JsonResult com.simpleway.frst.controller.FinanceSupervisorController.detail(java.lang.Long) throws java.lang.Exception
2018-01-29 22:00:58.784 [main] INFO  o.s.w.s.m.m.a.RequestMappingHandlerMapping -
				Mapped "{[/frst/financeSupervisor/del]}" onto public com.simpleway.frst.response.JsonResult com.simpleway.frst.controller.FinanceSupervisorController.del(java.lang.Long) throws java.lang.Exception
2018-01-29 22:00:58.784 [main] INFO  o.s.w.s.m.m.a.RequestMappingHandlerMapping -
				Mapped "{[/frst/financeSupervisor/page]}" onto public com.simpleway.frst.response.JsonResult com.simpleway.frst.controller.FinanceSupervisorController.page(com.simpleway.frst.request.finance.FinanceSupervisorQuery) throws java.lang.Exception
2018-01-29 22:00:58.784 [main] INFO  o.s.w.s.m.m.a.RequestMappingHandlerMapping -
				Mapped "{[/frst/financeSupervisor/upd]}" onto public com.simpleway.frst.response.JsonResult com.simpleway.frst.controller.FinanceSupervisorController.upd(com.simpleway.frst.request.finance.FinanceSupervisorForm) throws java.lang.Exception
2018-01-29 22:00:58.785 [main] INFO  o.s.w.s.m.m.a.RequestMappingHandlerMapping -
				Mapped "{[/frst/fundFlow/investCapital]}" onto public com.simpleway.frst.response.JsonResult com.simpleway.frst.controller.FundFlowController.investCapital(java.lang.String)
2018-01-29 22:00:58.785 [main] INFO  o.s.w.s.m.m.a.RequestMappingHandlerMapping -
				Mapped "{[/frst/fundFlow/investCount]}" onto public com.simpleway.frst.response.JsonResult com.simpleway.frst.controller.FundFlowController.investCount(java.lang.String)
2018-01-29 22:00:58.785 [main] INFO  o.s.w.s.m.m.a.RequestMappingHandlerMapping -
				Mapped "{[/frst/fundFlow/fundFlowReport]}" onto public com.simpleway.frst.response.JsonResult com.simpleway.frst.controller.FundFlowController.selectFundFlowByDay(java.lang.String)
2018-01-29 22:00:58.786 [main] INFO  o.s.w.s.m.m.a.RequestMappingHandlerMapping -
				Mapped "{[/frst/limitValue/get]}" onto public com.simpleway.frst.response.JsonResult com.simpleway.frst.controller.LimitValueController.get() throws java.lang.Exception
2018-01-29 22:00:58.786 [main] INFO  o.s.w.s.m.m.a.RequestMappingHandlerMapping -
				Mapped "{[/frst/limitValue/addOrUpd]}" onto public com.simpleway.frst.response.JsonResult com.simpleway.frst.controller.LimitValueController.addOrUpd(com.simpleway.frst.request.limitvalue.LimitValueForm) throws java.lang.Exception
2018-01-29 22:00:58.788 [main] INFO  o.s.w.s.m.m.a.RequestMappingHandlerMapping -
				Mapped "{[/frst/loanBusiness/add]}" onto public com.simpleway.frst.response.JsonResult com.simpleway.frst.controller.LoanBusinessController.add(com.simpleway.frst.request.company.LoanBusinessForm) throws java.lang.Exception
2018-01-29 22:00:58.788 [main] INFO  o.s.w.s.m.m.a.RequestMappingHandlerMapping -
				Mapped "{[/frst/loanBusiness/detail]}" onto public com.simpleway.frst.response.JsonResult com.simpleway.frst.controller.LoanBusinessController.detail(java.lang.Long) throws java.lang.Exception
2018-01-29 22:00:58.788 [main] INFO  o.s.w.s.m.m.a.RequestMappingHandlerMapping -
				Mapped "{[/frst/loanBusiness/report]}" onto public com.simpleway.frst.response.JsonResult com.simpleway.frst.controller.LoanBusinessController.report(java.lang.Long) throws java.lang.Exception
2018-01-29 22:00:58.788 [main] INFO  o.s.w.s.m.m.a.RequestMappingHandlerMapping -
				Mapped "{[/frst/loanBusiness/loanCapital]}" onto public com.simpleway.frst.response.JsonResult com.simpleway.frst.controller.LoanBusinessController.loanCapital(java.lang.String) throws java.lang.Exception
2018-01-29 22:00:58.788 [main] INFO  o.s.w.s.m.m.a.RequestMappingHandlerMapping -
				Mapped "{[/frst/loanBusiness/loanCount]}" onto public com.simpleway.frst.response.JsonResult com.simpleway.frst.controller.LoanBusinessController.loanCount(java.lang.String) throws java.lang.Exception
2018-01-29 22:00:58.792 [main] INFO  o.s.w.s.m.m.a.RequestMappingHandlerMapping -
				Mapped "{[/frst/loanBusiness/del]}" onto public com.simpleway.frst.response.JsonResult com.simpleway.frst.controller.LoanBusinessController.del(java.lang.Long) throws java.lang.Exception
2018-01-29 22:00:58.792 [main] INFO  o.s.w.s.m.m.a.RequestMappingHandlerMapping -
				Mapped "{[/frst/loanBusiness/page]}" onto public com.simpleway.frst.response.JsonResult com.simpleway.frst.controller.LoanBusinessController.page(com.simpleway.frst.request.company.LoanBusinessQuery) throws java.lang.Exception
2018-01-29 22:00:58.792 [main] INFO  o.s.w.s.m.m.a.RequestMappingHandlerMapping -
				Mapped "{[/frst/loanBusiness/upd]}" onto public com.simpleway.frst.response.JsonResult com.simpleway.frst.controller.LoanBusinessController.upd(com.simpleway.frst.request.company.LoanBusinessForm) throws java.lang.Exception
2018-01-29 22:00:58.793 [main] INFO  o.s.w.s.m.m.a.RequestMappingHandlerMapping -
				Mapped "{[/frst/loanCompanyAccount/add]}" onto public com.simpleway.frst.response.JsonResult com.simpleway.frst.controller.LoanCompanyAccountController.add(com.simpleway.frst.request.company.LoanCompanyAccountForm) throws java.lang.Exception
2018-01-29 22:00:58.793 [main] INFO  o.s.w.s.m.m.a.RequestMappingHandlerMapping -
				Mapped "{[/frst/loanCompanyAccount/del]}" onto public com.simpleway.frst.response.JsonResult com.simpleway.frst.controller.LoanCompanyAccountController.del(java.lang.Long) throws java.lang.Exception
2018-01-29 22:00:58.794 [main] INFO  o.s.w.s.m.m.a.RequestMappingHandlerMapping -
				Mapped "{[/frst/loanCompanyAccount/page]}" onto public com.simpleway.frst.response.JsonResult com.simpleway.frst.controller.LoanCompanyAccountController.page(com.simpleway.frst.request.company.LoanCompanyAccountQuery) throws java.lang.Exception
2018-01-29 22:00:58.794 [main] INFO  o.s.w.s.m.m.a.RequestMappingHandlerMapping -
				Mapped "{[/frst/loanCompanyAccount/upd]}" onto public com.simpleway.frst.response.JsonResult com.simpleway.frst.controller.LoanCompanyAccountController.upd(com.simpleway.frst.request.company.LoanCompanyAccountForm) throws java.lang.Exception
2018-01-29 22:00:58.794 [main] INFO  o.s.w.s.m.m.a.RequestMappingHandlerMapping -
				Mapped "{[/frst/loanCompanyAccount/updState]}" onto public com.simpleway.frst.response.JsonResult com.simpleway.frst.controller.LoanCompanyAccountController.updState(java.lang.Long,java.lang.Integer) throws java.lang.Exception
2018-01-29 22:00:58.795 [main] INFO  o.s.w.s.m.m.a.RequestMappingHandlerMapping -
				Mapped "{[/frst/loanCompany/add]}" onto public com.simpleway.frst.response.JsonResult com.simpleway.frst.controller.LoanCompanyController.add(com.simpleway.frst.request.company.LoanCompanyForm) throws java.lang.Exception
2018-01-29 22:00:58.795 [main] INFO  o.s.w.s.m.m.a.RequestMappingHandlerMapping -
				Mapped "{[/frst/loanCompany/detail]}" onto public com.simpleway.frst.response.JsonResult com.simpleway.frst.controller.LoanCompanyController.detail(java.lang.Long) throws java.lang.Exception
2018-01-29 22:00:58.796 [main] INFO  o.s.w.s.m.m.a.RequestMappingHandlerMapping -
				Mapped "{[/frst/loanCompany/getAll]}" onto public com.simpleway.frst.response.JsonResult com.simpleway.frst.controller.LoanCompanyController.getAll() throws java.lang.Exception
2018-01-29 22:00:58.796 [main] INFO  o.s.w.s.m.m.a.RequestMappingHandlerMapping -
				Mapped "{[/frst/loanCompany/del]}" onto public com.simpleway.frst.response.JsonResult com.simpleway.frst.controller.LoanCompanyController.del(java.lang.Long) throws java.lang.Exception
2018-01-29 22:00:58.796 [main] INFO  o.s.w.s.m.m.a.RequestMappingHandlerMapping -
				Mapped "{[/frst/loanCompany/page]}" onto public com.simpleway.frst.response.JsonResult com.simpleway.frst.controller.LoanCompanyController.page(com.simpleway.frst.request.company.LoanCompanyQuery) throws java.lang.Exception
2018-01-29 22:00:58.796 [main] INFO  o.s.w.s.m.m.a.RequestMappingHandlerMapping -
				Mapped "{[/frst/loanCompany/upd]}" onto public com.simpleway.frst.response.JsonResult com.simpleway.frst.controller.LoanCompanyController.upd(com.simpleway.frst.request.company.LoanCompanyForm) throws java.lang.Exception
2018-01-29 22:00:58.798 [main] INFO  o.s.w.s.m.m.a.RequestMappingHandlerMapping -
				Mapped "{[/frst/loanCompanyFinance/add]}" onto public com.simpleway.frst.response.JsonResult com.simpleway.frst.controller.LoanCompanyFinanceController.add(com.simpleway.frst.request.company.LoanCompanyFinanceForm) throws java.lang.Exception
2018-01-29 22:00:58.798 [main] INFO  o.s.w.s.m.m.a.RequestMappingHandlerMapping -
				Mapped "{[/frst/loanCompanyFinance/del]}" onto public com.simpleway.frst.response.JsonResult com.simpleway.frst.controller.LoanCompanyFinanceController.del(java.lang.Long) throws java.lang.Exception
2018-01-29 22:00:58.798 [main] INFO  o.s.w.s.m.m.a.RequestMappingHandlerMapping -
				Mapped "{[/frst/loanCompanyFinance/page]}" onto public com.simpleway.frst.response.JsonResult com.simpleway.frst.controller.LoanCompanyFinanceController.page(com.simpleway.frst.request.company.LoanCompanyFinanceQuery) throws java.lang.Exception
2018-01-29 22:00:58.798 [main] INFO  o.s.w.s.m.m.a.RequestMappingHandlerMapping -
				Mapped "{[/frst/loanCompanyFinance/upd]}" onto public com.simpleway.frst.response.JsonResult com.simpleway.frst.controller.LoanCompanyFinanceController.upd(com.simpleway.frst.request.company.LoanCompanyFinanceForm) throws java.lang.Exception
2018-01-29 22:00:58.799 [main] INFO  o.s.w.s.m.m.a.RequestMappingHandlerMapping -
				Mapped "{[/frst/loanCompanyFinance/updState]}" onto public com.simpleway.frst.response.JsonResult com.simpleway.frst.controller.LoanCompanyFinanceController.updState(java.lang.Long,java.lang.Integer) throws java.lang.Exception
2018-01-29 22:00:58.799 [main] INFO  o.s.w.s.m.m.a.RequestMappingHandlerMapping -
				Mapped "{[/frst/loanTotalInfo/cityLoanTotalInfoByArea]}" onto public com.simpleway.frst.response.JsonResult com.simpleway.frst.controller.LoanTotalInfoController.cityLoanTotalInfoByArea(java.lang.String,java.lang.String)
2018-01-29 22:00:58.800 [main] INFO  o.s.w.s.m.m.a.RequestMappingHandlerMapping -
				Mapped "{[/frst/loanTotalInfo/cityReort]}" onto public com.simpleway.frst.response.JsonResult com.simpleway.frst.controller.LoanTotalInfoController.cityLoanTotalInfo()
2018-01-29 22:00:58.800 [main] INFO  o.s.w.s.m.m.a.RequestMappingHandlerMapping -
				Mapped "{[/frst/loanTotalInfo/cityLoanTotalInfoByMonth]}" onto public com.simpleway.frst.response.JsonResult com.simpleway.frst.controller.LoanTotalInfoController.cityLoanTotalInfoByMonth(java.lang.String)
2018-01-29 22:00:58.800 [main] INFO  o.s.w.s.m.m.a.RequestMappingHandlerMapping -
				Mapped "{[/frst/loanTotalInfo/areaReort]}" onto public com.simpleway.frst.response.JsonResult com.simpleway.frst.controller.LoanTotalInfoController.areaLoanTotalInfo()
2018-01-29 22:00:58.801 [main] INFO  o.s.w.s.m.m.a.RequestMappingHandlerMapping -
				Mapped "{[/frst/auth/login]}" onto public com.simpleway.frst.response.JsonResult com.simpleway.frst.controller.LoginController.login(javax.servlet.http.HttpServletRequest,java.lang.String,java.lang.String) throws java.lang.Exception
2018-01-29 22:00:58.801 [main] INFO  o.s.w.s.m.m.a.RequestMappingHandlerMapping -
				Mapped "{[/frst/auth/logout]}" onto public com.simpleway.frst.response.JsonResult com.simpleway.frst.controller.LoginController.logout()
2018-01-29 22:00:58.801 [main] INFO  o.s.w.s.m.m.a.RequestMappingHandlerMapping -
				Mapped "{[/frst/auth/forwardLogin]}" onto public com.simpleway.frst.response.JsonResult com.simpleway.frst.controller.LoginController.forwardLogin()
2018-01-29 22:00:58.801 [main] INFO  o.s.w.s.m.m.a.RequestMappingHandlerMapping -
				Mapped "{[/frst/auth/noPermission]}" onto public com.simpleway.frst.response.JsonResult com.simpleway.frst.controller.LoginController.noPermission()
2018-01-29 22:00:58.801 [main] INFO  o.s.w.s.m.m.a.RequestMappingHandlerMapping -
				Mapped "{[/frst/qualityReport/list]}" onto public com.simpleway.frst.response.JsonResult com.simpleway.frst.controller.QualityReportController.listByCondition(com.simpleway.frst.request.qualityreport.QualityReportQuery)
2018-01-29 22:00:58.802 [main] INFO  o.s.w.s.m.m.a.RequestMappingHandlerMapping -
				Mapped "{[/frst/registered/capital]}" onto public com.simpleway.frst.response.JsonResult com.simpleway.frst.controller.RegisteredCapitalController.registeredCapital()
2018-01-29 22:00:58.804 [main] INFO  o.s.w.s.m.m.a.RequestMappingHandlerMapping -
				Mapped "{[/frst/area/getListById]}" onto public com.simpleway.frst.response.JsonResult com.simpleway.frst.controller.SmAreaController.getListById(java.lang.Long) throws java.lang.Exception
2018-01-29 22:00:58.807 [main] INFO  o.s.w.s.m.m.a.RequestMappingHandlerMapping -
				Mapped "{[/frst/auth/updateSmAuth]}" onto public com.simpleway.frst.response.JsonResult com.simpleway.frst.controller.SmAuthController.updateSmAuth(com.simpleway.frst.domain.vo.SmAuthVo) throws java.lang.Exception
2018-01-29 22:00:58.807 [main] INFO  o.s.w.s.m.m.a.RequestMappingHandlerMapping -
				Mapped "{[/frst/auth/delSmAuth]}" onto public com.simpleway.frst.response.JsonResult com.simpleway.frst.controller.SmAuthController.delSmAuth(java.lang.Long) throws java.lang.Exception
2018-01-29 22:00:58.808 [main] INFO  o.s.w.s.m.m.a.RequestMappingHandlerMapping -
				Mapped "{[/frst/auth/insertSmAuth]}" onto public com.simpleway.frst.response.JsonResult com.simpleway.frst.controller.SmAuthController.insertSmAuth(com.simpleway.frst.domain.vo.SmAuthVo) throws java.lang.Exception
2018-01-29 22:00:58.808 [main] INFO  o.s.w.s.m.m.a.RequestMappingHandlerMapping -
				Mapped "{[/frst/auth/findPermByRoleId]}" onto public com.simpleway.frst.response.JsonResult com.simpleway.frst.controller.SmAuthController.findPermByRoleId(java.lang.Long) throws java.lang.Exception
2018-01-29 22:00:58.808 [main] INFO  o.s.w.s.m.m.a.RequestMappingHandlerMapping -
				Mapped "{[/frst/auth/findSmAuthById]}" onto public com.simpleway.frst.response.JsonResult com.simpleway.frst.controller.SmAuthController.findSmAuthById(java.lang.Long) throws java.lang.Exception
2018-01-29 22:00:58.816 [main] INFO  o.s.w.s.m.m.a.RequestMappingHandlerMapping -
				Mapped "{[/frst/auth/findSmAuthListByPage]}" onto public com.simpleway.frst.response.JsonResult com.simpleway.frst.controller.SmAuthController.findSmAuthListByPage(com.simpleway.frst.base.BaseWhere) throws java.lang.Exception
2018-01-29 22:00:58.816 [main] INFO  o.s.w.s.m.m.a.RequestMappingHandlerMapping -
				Mapped "{[/frst/auth/findMenuButtonPermById]}" onto public com.simpleway.frst.response.JsonResult com.simpleway.frst.controller.SmAuthController.findMenuButtonPermById(javax.servlet.http.HttpSession,java.lang.Long) throws java.lang.Exception
2018-01-29 22:00:58.816 [main] INFO  o.s.w.s.m.m.a.RequestMappingHandlerMapping -
				Mapped "{[/frst/auth/findSmAuthMenuList]}" onto public com.simpleway.frst.response.JsonResult com.simpleway.frst.controller.SmAuthController.findSmAuthMenuList() throws java.lang.Exception
2018-01-29 22:00:58.818 [main] INFO  o.s.w.s.m.m.a.RequestMappingHandlerMapping -
				Mapped "{[/frst/auth/findFoldSmAuthList]}" onto public com.simpleway.frst.response.JsonResult com.simpleway.frst.controller.SmAuthController.findFoldSmAuthList() throws java.lang.Exception
2018-01-29 22:00:58.818 [main] INFO  o.s.w.s.m.m.a.RequestMappingHandlerMapping -
				Mapped "{[/frst/auth/findSmAuthMenuListHierarchy]}" onto public com.simpleway.frst.response.JsonResult com.simpleway.frst.controller.SmAuthController.findSmAuthMenuListHierarchy() throws java.lang.Exception
2018-01-29 22:00:58.818 [main] INFO  o.s.w.s.m.m.a.RequestMappingHandlerMapping -
				Mapped "{[/frst/auth/findSmAuthMenuListByUserId]}" onto public com.simpleway.frst.response.JsonResult com.simpleway.frst.controller.SmAuthController.findSmAuthMenuListByUserId(javax.servlet.http.HttpSession) throws java.lang.Exception
2018-01-29 22:00:58.819 [main] INFO  o.s.w.s.m.m.a.RequestMappingHandlerMapping -
				Mapped "{[/frst/smOperateLog/page]}" onto public com.simpleway.frst.response.JsonResult com.simpleway.frst.controller.SmOperateLogController.page(com.simpleway.frst.request.operatelog.OperateLogQuery) throws java.lang.Exception
2018-01-29 22:00:58.826 [main] INFO  o.s.w.s.m.m.a.RequestMappingHandlerMapping -
				Mapped "{[/frst/role/updateSmRole]}" onto public com.simpleway.frst.response.JsonResult com.simpleway.frst.controller.SmRoleController.updateSmRole(com.simpleway.frst.domain.vo.SmRoleVo) throws java.lang.Exception
2018-01-29 22:00:58.827 [main] INFO  o.s.w.s.m.m.a.RequestMappingHandlerMapping -
				Mapped "{[/frst/role/findSmRoleById]}" onto public com.simpleway.frst.response.JsonResult com.simpleway.frst.controller.SmRoleController.findSmRoleById(java.lang.Long) throws java.lang.Exception
2018-01-29 22:00:58.827 [main] INFO  o.s.w.s.m.m.a.RequestMappingHandlerMapping -
				Mapped "{[/frst/role/findSmRoleList]}" onto public com.simpleway.frst.response.JsonResult com.simpleway.frst.controller.SmRoleController.findSmRoleList() throws java.lang.Exception
2018-01-29 22:00:58.827 [main] INFO  o.s.w.s.m.m.a.RequestMappingHandlerMapping -
				Mapped "{[/frst/role/insertSmRole]}" onto public com.simpleway.frst.response.JsonResult com.simpleway.frst.controller.SmRoleController.insertSmRole(com.simpleway.frst.domain.vo.SmRoleVo) throws java.lang.Exception
2018-01-29 22:00:58.827 [main] INFO  o.s.w.s.m.m.a.RequestMappingHandlerMapping -
				Mapped "{[/frst/role/delSmRole]}" onto public com.simpleway.frst.response.JsonResult com.simpleway.frst.controller.SmRoleController.delSmRole(java.lang.Long)
2018-01-29 22:00:58.827 [main] INFO  o.s.w.s.m.m.a.RequestMappingHandlerMapping -
				Mapped "{[/frst/role/findSmRoleListByPage]}" onto public com.simpleway.frst.response.JsonResult com.simpleway.frst.controller.SmRoleController.findSmRoleListByPage(com.simpleway.frst.base.BaseWhere) throws java.lang.Exception
2018-01-29 22:00:58.830 [main] INFO  o.s.w.s.m.m.a.RequestMappingHandlerMapping -
				Mapped "{[/frst/user/disableUser]}" onto public com.simpleway.frst.response.JsonResult com.simpleway.frst.controller.UserLoginController.disableUser(java.lang.Long)
2018-01-29 22:00:58.833 [main] INFO  o.s.w.s.m.m.a.RequestMappingHandlerMapping -
				Mapped "{[/frst/user/delSmUser]}" onto public com.simpleway.frst.response.JsonResult com.simpleway.frst.controller.UserLoginController.delUserLogin(java.lang.Long)
2018-01-29 22:00:58.833 [main] INFO  o.s.w.s.m.m.a.RequestMappingHandlerMapping -
				Mapped "{[/frst/user/unlockUser]}" onto public com.simpleway.frst.response.JsonResult com.simpleway.frst.controller.UserLoginController.unlockUser(java.lang.Long)
2018-01-29 22:00:58.833 [main] INFO  o.s.w.s.m.m.a.RequestMappingHandlerMapping -
				Mapped "{[/frst/user/enableUser]}" onto public com.simpleway.frst.response.JsonResult com.simpleway.frst.controller.UserLoginController.enableUser(java.lang.Long)
2018-01-29 22:00:58.833 [main] INFO  o.s.w.s.m.m.a.RequestMappingHandlerMapping -
				Mapped "{[/frst/user/insertSmUser]}" onto public com.simpleway.frst.response.JsonResult com.simpleway.frst.controller.UserLoginController.insertSmUser(com.simpleway.frst.domain.vo.UserLoginVo) throws java.lang.Exception
2018-01-29 22:00:58.834 [main] INFO  o.s.w.s.m.m.a.RequestMappingHandlerMapping -
				Mapped "{[/frst/user/updateUserPwd]}" onto public com.simpleway.frst.response.JsonResult com.simpleway.frst.controller.UserLoginController.updateUserPwd(java.lang.String,java.lang.String)
2018-01-29 22:00:58.834 [main] INFO  o.s.w.s.m.m.a.RequestMappingHandlerMapping -
				Mapped "{[/frst/user/updateSmUser]}" onto public com.simpleway.frst.response.JsonResult com.simpleway.frst.controller.UserLoginController.updateUserLogin(com.simpleway.frst.domain.vo.UserLoginVo) throws java.lang.Exception
2018-01-29 22:00:58.834 [main] INFO  o.s.w.s.m.m.a.RequestMappingHandlerMapping -
				Mapped "{[/frst/user/resetUserPwd]}" onto public com.simpleway.frst.response.JsonResult com.simpleway.frst.controller.UserLoginController.resetUserPwd(java.lang.Long)
2018-01-29 22:00:58.835 [main] INFO  o.s.w.s.m.m.a.RequestMappingHandlerMapping -
				Mapped "{[/frst/user/findSmUserListByPage]}" onto public com.simpleway.frst.response.JsonResult com.simpleway.frst.controller.UserLoginController.findUserLoginListByPage(com.simpleway.frst.base.BaseWhere) throws java.lang.Exception
2018-01-29 22:00:58.835 [main] INFO  o.s.w.s.m.m.a.RequestMappingHandlerMapping -
				Mapped "{[/frst/user/findUserLoginById]}" onto public com.simpleway.frst.response.JsonResult com.simpleway.frst.controller.UserLoginController.findUserLoginById(java.lang.Long) throws java.lang.Exception
2018-01-29 22:00:58.836 [main] INFO  o.s.w.s.m.m.a.RequestMappingHandlerMapping -
				Mapped "{[/frst/warn/page]}" onto public com.simpleway.frst.response.JsonResult com.simpleway.frst.controller.WarnController.page(com.simpleway.frst.request.warn.WarnQuery) throws java.lang.Exception
2018-01-29 22:00:58.837 [main] INFO  o.s.w.s.m.m.a.RequestMappingHandlerMapping -
				Mapped "{[/frst/warnReport/selectReport]}" onto public com.simpleway.frst.response.JsonResult com.simpleway.frst.controller.WarnReportController.selectAll(java.lang.String,java.lang.String,java.lang.String)
2018-01-29 22:00:58.840 [main] INFO  o.s.w.s.m.m.a.RequestMappingHandlerMapping -
				Mapped "{[/error]}" onto public org.springframework.http.ResponseEntity<java.util.Map<java.lang.String, java.lang.Object>> org.springframework.boot.autoconfigure.web.BasicErrorController.error(javax.servlet.http.HttpServletRequest)
2018-01-29 22:00:58.841 [main] INFO  o.s.w.s.m.m.a.RequestMappingHandlerMapping -
				Mapped "{[/error],produces=[text/html]}" onto public org.springframework.web.servlet.ModelAndView org.springframework.boot.autoconfigure.web.BasicErrorController.errorHtml(javax.servlet.http.HttpServletRequest,javax.servlet.http.HttpServletResponse)
2018-01-29 22:00:58.875 [main] INFO  o.s.w.s.h.SimpleUrlHandlerMapping -
				Mapped URL path [/webjars/**] onto handler of type [class org.springframework.web.servlet.resource.ResourceHttpRequestHandler]
2018-01-29 22:00:58.875 [main] INFO  o.s.w.s.h.SimpleUrlHandlerMapping -
				Mapped URL path [/**] onto handler of type [class org.springframework.web.servlet.resource.ResourceHttpRequestHandler]
2018-01-29 22:00:58.894 [main] INFO  o.s.w.s.m.m.a.ExceptionHandlerExceptionResolver -
				Detected @ExceptionHandler methods in exceptionHandlerController
2018-01-29 22:00:58.928 [main] INFO  o.s.w.s.h.SimpleUrlHandlerMapping -
				Mapped URL path [/**/favicon.ico] onto handler of type [class org.springframework.web.servlet.resource.ResourceHttpRequestHandler]
2018-01-29 22:00:59.283 [main] INFO  com.simpleway.frst.test.AreaTest -
				Started AreaTest in 7.0 seconds (JVM running for 9.957)
2018-01-29 22:01:06.946 [Thread-4] INFO  o.s.w.c.s.GenericWebApplicationContext -
				Closing org.springframework.web.context.support.GenericWebApplicationContext@656be4: startup date [Mon Jan 29 22:00:52 CST 2018]; root of context hierarchy
2018-01-29 22:01:06.959 [Thread-4] INFO  c.alibaba.druid.pool.DruidDataSource -
				{dataSource-1} closed
